This file contains any messages produced by compilers while
running configure, to aid debugging if configure makes a mistake.

It was created by configure, which was
generated by GNU Autoconf 2.63.  Invocation command line was

  $ ./configure 

## --------- ##
## Platform. ##
## --------- ##

hostname = HinaMaeamanoAir
uname -m = x86_64
uname -r = 18.0.0
uname -s = Darwin
uname -v = Darwin Kernel Version 18.0.0: Wed Aug 22 20:13:40 PDT 2018; root:xnu-4903.201.2~1/RELEASE_X86_64

/usr/bin/uname -p = i386
/bin/uname -X     = unknown

/bin/arch              = unknown
/usr/bin/arch -k       = unknown
/usr/convex/getsysinfo = unknown
/usr/bin/hostinfo      = Mach kernel version:
	 Darwin Kernel Version 18.0.0: Wed Aug 22 20:13:40 PDT 2018; root:xnu-4903.201.2~1/RELEASE_X86_64
Kernel configured for up to 4 processors.
2 processors are physically available.
4 processors are logically available.
Processor type: x86_64h (Intel x86-64h Haswell)
Processors active: 0 1 2 3
Primary memory available: 4.00 gigabytes
Default processor set: 292 tasks, 1440 threads, 4 processors
Load average: 1.75, Mach factor: 2.40
/bin/machine           = unknown
/usr/bin/oslevel       = unknown
/bin/universe          = unknown

PATH: /Library/Frameworks/Python.framework/Versions/3.7/bin
PATH: /Library/Frameworks/Python.framework/Versions/3.7/bin
PATH: /usr/local/bin
PATH: /usr/bin
PATH: /bin
PATH: /usr/sbin
PATH: /sbin
PATH: /usr/local/go/bin
PATH: /usr/local/share/dotnet
PATH: ~/.dotnet/tools
PATH: /Library/Frameworks/Mono.framework/Versions/Current/Commands
PATH: /Users/hina/go/bin


## ----------- ##
## Core tests. ##
## ----------- ##

configure:1987: checking for gcc
configure:2003: found /usr/bin/gcc
configure:2014: result: gcc
configure:2246: checking for C compiler version
configure:2254: gcc --version >&5
Configured with: --prefix=/Library/Developer/CommandLineTools/usr --with-gxx-include-dir=/Library/Developer/CommandLineTools/SDKs/MacOSX10.14.sdk/usr/include/c++/4.2.1
Apple LLVM version 10.0.1 (clang-1001.0.46.4)
Target: x86_64-apple-darwin18.0.0
Thread model: posix
InstalledDir: /Library/Developer/CommandLineTools/usr/bin
configure:2258: $? = 0
configure:2265: gcc -v >&5
Configured with: --prefix=/Library/Developer/CommandLineTools/usr --with-gxx-include-dir=/Library/Developer/CommandLineTools/SDKs/MacOSX10.14.sdk/usr/include/c++/4.2.1
Apple LLVM version 10.0.1 (clang-1001.0.46.4)
Target: x86_64-apple-darwin18.0.0
Thread model: posix
InstalledDir: /Library/Developer/CommandLineTools/usr/bin
configure:2269: $? = 0
configure:2276: gcc -V >&5
clang: error: unsupported option '-V -Wno-atomic-implicit-seq-cst'
clang: error: no input files
configure:2280: $? = 1
configure:2303: checking for C compiler default output file name
configure:2325: gcc -O   conftest.c  >&5
configure:2329: $? = 0
configure:2367: result: a.out
configure:2386: checking whether the C compiler works
configure:2396: ./a.out
configure:2400: $? = 0
configure:2419: result: yes
configure:2426: checking whether we are cross compiling
configure:2428: result: no
configure:2431: checking for suffix of executables
configure:2438: gcc -o conftest -O   conftest.c  >&5
configure:2442: $? = 0
configure:2468: result: 
configure:2474: checking for suffix of object files
configure:2500: gcc -c -O  conftest.c >&5
configure:2504: $? = 0
configure:2529: result: o
configure:2533: checking whether we are using the GNU C compiler
configure:2562: gcc -c -O  conftest.c >&5
configure:2569: $? = 0
configure:2586: result: yes
configure:2595: checking whether gcc accepts -g
configure:2625: gcc -c -g  conftest.c >&5
configure:2632: $? = 0
configure:2733: result: yes
configure:2750: checking for gcc option to accept ISO C89
configure:2824: gcc  -c -O  conftest.c >&5
configure:2831: $? = 0
configure:2854: result: none needed
configure:2886: checking for a BSD-compatible install
configure:2954: result: /usr/bin/install -c
configure:2965: checking whether make sets $(MAKE)
configure:2987: result: yes
configure:2998: checking for gzip
configure:3014: found /usr/bin/gzip
configure:3026: result: gzip -f9
configure:3041: checking how to run the C preprocessor
configure:3081: gcc -E  conftest.c
configure:3088: $? = 0
configure:3119: gcc -E  conftest.c
conftest.c:11:10: fatal error: 'ac_nonexistent.h' file not found
#include <ac_nonexistent.h>
         ^~~~~~~~~~~~~~~~~~
1 error generated.
configure:3126: $? = 1
configure: failed program was:
| /* confdefs.h.  */
| #define PACKAGE_NAME ""
| #define PACKAGE_TARNAME ""
| #define PACKAGE_VERSION ""
| #define PACKAGE_STRING ""
| #define PACKAGE_BUGREPORT ""
| #define PACKAGE "pv"
| #define PROGRAM_NAME "pv"
| #define VERSION "1.4.12"
| /* end confdefs.h.  */
| #include <ac_nonexistent.h>
configure:3159: result: gcc -E
configure:3188: gcc -E  conftest.c
configure:3195: $? = 0
configure:3226: gcc -E  conftest.c
conftest.c:11:10: fatal error: 'ac_nonexistent.h' file not found
#include <ac_nonexistent.h>
         ^~~~~~~~~~~~~~~~~~
1 error generated.
configure:3233: $? = 1
configure: failed program was:
| /* confdefs.h.  */
| #define PACKAGE_NAME ""
| #define PACKAGE_TARNAME ""
| #define PACKAGE_VERSION ""
| #define PACKAGE_STRING ""
| #define PACKAGE_BUGREPORT ""
| #define PACKAGE "pv"
| #define PROGRAM_NAME "pv"
| #define VERSION "1.4.12"
| /* end confdefs.h.  */
| #include <ac_nonexistent.h>
configure:3273: checking for grep that handles long lines and -e
configure:3333: result: /usr/bin/grep
configure:3338: checking for egrep
configure:3402: result: /usr/bin/grep -E
configure:3433: checking for msgfmt
configure:3464: result: NOMSGFMT
configure:3474: checking for gmsgfmt
configure:3505: result: NOMSGFMT
configure:3515: checking for xgettext
configure:3546: result: xgettext
configure:3811: checking for ANSI C header files
configure:3841: gcc -c -O  conftest.c >&5
configure:3848: $? = 0
configure:3947: gcc -o conftest -O   conftest.c  >&5
configure:3951: $? = 0
configure:3957: ./conftest
configure:3961: $? = 0
configure:3979: result: yes
configure:4003: checking for sys/types.h
configure:4024: gcc -c -O  conftest.c >&5
configure:4031: $? = 0
configure:4048: result: yes
configure:4003: checking for sys/stat.h
configure:4024: gcc -c -O  conftest.c >&5
configure:4031: $? = 0
configure:4048: result: yes
configure:4003: checking for stdlib.h
configure:4024: gcc -c -O  conftest.c >&5
configure:4031: $? = 0
configure:4048: result: yes
configure:4003: checking for string.h
configure:4024: gcc -c -O  conftest.c >&5
configure:4031: $? = 0
configure:4048: result: yes
configure:4003: checking for memory.h
configure:4024: gcc -c -O  conftest.c >&5
configure:4031: $? = 0
configure:4048: result: yes
configure:4003: checking for strings.h
configure:4024: gcc -c -O  conftest.c >&5
configure:4031: $? = 0
configure:4048: result: yes
configure:4003: checking for inttypes.h
configure:4024: gcc -c -O  conftest.c >&5
configure:4031: $? = 0
configure:4048: result: yes
configure:4003: checking for stdint.h
configure:4024: gcc -c -O  conftest.c >&5
configure:4031: $? = 0
configure:4048: result: yes
configure:4003: checking for unistd.h
configure:4024: gcc -c -O  conftest.c >&5
configure:4031: $? = 0
configure:4048: result: yes
configure:4078: checking libintl.h usability
configure:4095: gcc -c -O  conftest.c >&5
conftest.c:55:10: fatal error: 'libintl.h' file not found
#include <libintl.h>
         ^~~~~~~~~~~
1 error generated.
configure:4102: $? = 1
configure: failed program was:
| /* confdefs.h.  */
| #define PACKAGE_NAME ""
| #define PACKAGE_TARNAME ""
| #define PACKAGE_VERSION ""
| #define PACKAGE_STRING ""
| #define PACKAGE_BUGREPORT ""
| #define PACKAGE "pv"
| #define PROGRAM_NAME "pv"
| #define VERSION "1.4.12"
| #define ENABLE_NLS 1
| #define STDC_HEADERS 1
| #define HAVE_SYS_TYPES_H 1
| #define HAVE_SYS_STAT_H 1
| #define HAVE_STDLIB_H 1
| #define HAVE_STRING_H 1
| #define HAVE_MEMORY_H 1
| #define HAVE_STRINGS_H 1
| #define HAVE_INTTYPES_H 1
| #define HAVE_STDINT_H 1
| #define HAVE_UNISTD_H 1
| /* end confdefs.h.  */
| #include <stdio.h>
| #ifdef HAVE_SYS_TYPES_H
| # include <sys/types.h>
| #endif
| #ifdef HAVE_SYS_STAT_H
| # include <sys/stat.h>
| #endif
| #ifdef STDC_HEADERS
| # include <stdlib.h>
| # include <stddef.h>
| #else
| # ifdef HAVE_STDLIB_H
| #  include <stdlib.h>
| # endif
| #endif
| #ifdef HAVE_STRING_H
| # if !defined STDC_HEADERS && defined HAVE_MEMORY_H
| #  include <memory.h>
| # endif
| # include <string.h>
| #endif
| #ifdef HAVE_STRINGS_H
| # include <strings.h>
| #endif
| #ifdef HAVE_INTTYPES_H
| # include <inttypes.h>
| #endif
| #ifdef HAVE_STDINT_H
| # include <stdint.h>
| #endif
| #ifdef HAVE_UNISTD_H
| # include <unistd.h>
| #endif
| #include <libintl.h>
configure:4116: result: no
configure:4120: checking libintl.h presence
configure:4135: gcc -E  conftest.c
conftest.c:22:10: fatal error: 'libintl.h' file not found
#include <libintl.h>
         ^~~~~~~~~~~
1 error generated.
configure:4142: $? = 1
configure: failed program was:
| /* confdefs.h.  */
| #define PACKAGE_NAME ""
| #define PACKAGE_TARNAME ""
| #define PACKAGE_VERSION ""
| #define PACKAGE_STRING ""
| #define PACKAGE_BUGREPORT ""
| #define PACKAGE "pv"
| #define PROGRAM_NAME "pv"
| #define VERSION "1.4.12"
| #define ENABLE_NLS 1
| #define STDC_HEADERS 1
| #define HAVE_SYS_TYPES_H 1
| #define HAVE_SYS_STAT_H 1
| #define HAVE_STDLIB_H 1
| #define HAVE_STRING_H 1
| #define HAVE_MEMORY_H 1
| #define HAVE_STRINGS_H 1
| #define HAVE_INTTYPES_H 1
| #define HAVE_STDINT_H 1
| #define HAVE_UNISTD_H 1
| /* end confdefs.h.  */
| #include <libintl.h>
configure:4156: result: no
configure:4184: checking for libintl.h
configure:4193: result: no
configure:4224: checking locale.h usability
configure:4241: gcc -c -O  conftest.c >&5
configure:4248: $? = 0
configure:4262: result: yes
configure:4266: checking locale.h presence
configure:4281: gcc -E  conftest.c
configure:4288: $? = 0
configure:4302: result: yes
configure:4330: checking for locale.h
configure:4339: result: yes
configure:4369: checking for getopt_long
configure:4425: gcc -o conftest -O   conftest.c  >&5
configure:4432: $? = 0
configure:4454: result: yes
configure:4369: checking for getopt
configure:4425: gcc -o conftest -O   conftest.c  >&5
configure:4432: $? = 0
configure:4454: result: yes
configure:4482: checking getopt.h usability
configure:4499: gcc -c -O  conftest.c >&5
configure:4506: $? = 0
configure:4520: result: yes
configure:4524: checking getopt.h presence
configure:4539: gcc -E  conftest.c
configure:4546: $? = 0
configure:4560: result: yes
configure:4588: checking for getopt.h
configure:4597: result: yes
configure:4618: checking for open64
configure:4674: gcc -o conftest -O   conftest.c  >&5
Undefined symbols for architecture x86_64:
  "_open64", referenced from:
      _main in conftest-620977.o
ld: symbol(s) not found for architecture x86_64
clang: error: linker command failed with exit code 1 (use -v to see invocation)
configure:4681: $? = 1
configure: failed program was:
| /* confdefs.h.  */
| #define PACKAGE_NAME ""
| #define PACKAGE_TARNAME ""
| #define PACKAGE_VERSION ""
| #define PACKAGE_STRING ""
| #define PACKAGE_BUGREPORT ""
| #define PACKAGE "pv"
| #define PROGRAM_NAME "pv"
| #define VERSION "1.4.12"
| #define ENABLE_NLS 1
| #define STDC_HEADERS 1
| #define HAVE_SYS_TYPES_H 1
| #define HAVE_SYS_STAT_H 1
| #define HAVE_STDLIB_H 1
| #define HAVE_STRING_H 1
| #define HAVE_MEMORY_H 1
| #define HAVE_STRINGS_H 1
| #define HAVE_INTTYPES_H 1
| #define HAVE_STDINT_H 1
| #define HAVE_UNISTD_H 1
| #define HAVE_LOCALE_H 1
| #define HAVE_GETOPT_LONG 1
| #define HAVE_GETOPT 1
| #define HAVE_GETOPT_H 1
| /* end confdefs.h.  */
| /* Define open64 to an innocuous variant, in case <limits.h> declares open64.
|    For example, HP-UX 11i <limits.h> declares gettimeofday.  */
| #define open64 innocuous_open64
| 
| /* System header to define __stub macros and hopefully few prototypes,
|     which can conflict with char open64 (); below.
|     Prefer <limits.h> to <assert.h> if __STDC__ is defined, since
|     <limits.h> exists even on freestanding compilers.  */
| 
| #ifdef __STDC__
| # include <limits.h>
| #else
| # include <assert.h>
| #endif
| 
| #undef open64
| 
| /* Override any GCC internal prototype to avoid an error.
|    Use char because int might match the return type of a GCC
|    builtin and then its argument prototype would still apply.  */
| #ifdef __cplusplus
| extern "C"
| #endif
| char open64 ();
| /* The GNU C library defines this for functions which it implements
|     to always fail with ENOSYS.  Some functions are actually named
|     something starting with __ and the normal name is an alias.  */
| #if defined __stub_open64 || defined __stub___open64
| choke me
| #endif
| 
| int
| main ()
| {
| return open64 ();
|   ;
|   return 0;
| }
configure:4703: result: no
configure:4724: checking for ANSI C header files
configure:4892: result: yes
configure:4909: checking for memcpy
configure:4965: gcc -o conftest -O   conftest.c  >&5
conftest.c:51:6: warning: incompatible redeclaration of library function 'memcpy' [-Wincompatible-library-redeclaration]
char memcpy ();
     ^
conftest.c:51:6: note: 'memcpy' is a builtin with type 'void *(void *, const void *, unsigned long)'
1 warning generated.
configure:4972: $? = 0
configure:4994: result: yes
configure:4909: checking for basename
configure:4965: gcc -o conftest -O   conftest.c  >&5
configure:4972: $? = 0
configure:4994: result: yes
configure:4909: checking for snprintf
configure:4965: gcc -o conftest -O   conftest.c  >&5
conftest.c:53:6: warning: incompatible redeclaration of library function 'snprintf' [-Wincompatible-library-redeclaration]
char snprintf ();
     ^
conftest.c:53:6: note: 'snprintf' is a builtin with type 'int (char *, unsigned long, const char *, ...)'
1 warning generated.
configure:4972: $? = 0
configure:4994: result: yes
configure:4909: checking for stat64
configure:4965: gcc -o conftest -O   conftest.c  >&5
configure:4972: $? = 0
configure:4994: result: yes
configure:5022: checking limits.h usability
configure:5039: gcc -c -O  conftest.c >&5
configure:5046: $? = 0
configure:5060: result: yes
configure:5064: checking limits.h presence
configure:5079: gcc -E  conftest.c
configure:5086: $? = 0
configure:5100: result: yes
configure:5128: checking for limits.h
configure:5137: result: yes
configure:5172: checking sys/ipc.h usability
configure:5189: gcc -c -O  conftest.c >&5
configure:5196: $? = 0
configure:5210: result: yes
configure:5214: checking sys/ipc.h presence
configure:5229: gcc -E  conftest.c
configure:5236: $? = 0
configure:5250: result: yes
configure:5278: checking for sys/ipc.h
configure:5287: result: yes
configure:5172: checking sys/param.h usability
configure:5189: gcc -c -O  conftest.c >&5
configure:5196: $? = 0
configure:5210: result: yes
configure:5214: checking sys/param.h presence
configure:5229: gcc -E  conftest.c
configure:5236: $? = 0
configure:5250: result: yes
configure:5278: checking for sys/param.h
configure:5287: result: yes
configure:5172: checking libgen.h usability
configure:5189: gcc -c -O  conftest.c >&5
configure:5196: $? = 0
configure:5210: result: yes
configure:5214: checking libgen.h presence
configure:5229: gcc -E  conftest.c
configure:5236: $? = 0
configure:5250: result: yes
configure:5278: checking for libgen.h
configure:5287: result: yes
configure:5309: checking for splice
configure:5365: gcc -o conftest -O   conftest.c  >&5
Undefined symbols for architecture x86_64:
  "_splice", referenced from:
      _main in conftest-034189.o
ld: symbol(s) not found for architecture x86_64
clang: error: linker command failed with exit code 1 (use -v to see invocation)
configure:5372: $? = 1
configure: failed program was:
| /* confdefs.h.  */
| #define PACKAGE_NAME ""
| #define PACKAGE_TARNAME ""
| #define PACKAGE_VERSION ""
| #define PACKAGE_STRING ""
| #define PACKAGE_BUGREPORT ""
| #define PACKAGE "pv"
| #define PROGRAM_NAME "pv"
| #define VERSION "1.4.12"
| #define ENABLE_NLS 1
| #define STDC_HEADERS 1
| #define HAVE_SYS_TYPES_H 1
| #define HAVE_SYS_STAT_H 1
| #define HAVE_STDLIB_H 1
| #define HAVE_STRING_H 1
| #define HAVE_MEMORY_H 1
| #define HAVE_STRINGS_H 1
| #define HAVE_INTTYPES_H 1
| #define HAVE_STDINT_H 1
| #define HAVE_UNISTD_H 1
| #define HAVE_LOCALE_H 1
| #define HAVE_GETOPT_LONG 1
| #define HAVE_GETOPT 1
| #define HAVE_GETOPT_H 1
| #define HAVE_CONFIG_H 1
| #define STDC_HEADERS 1
| #define HAVE_MEMCPY 1
| #define HAVE_BASENAME 1
| #define HAVE_SNPRINTF 1
| #define HAVE_STAT64 1
| #define HAVE_LIMITS_H 1
| #define HAVE_SYS_IPC_H 1
| #define HAVE_SYS_PARAM_H 1
| #define HAVE_LIBGEN_H 1
| /* end confdefs.h.  */
| /* Define splice to an innocuous variant, in case <limits.h> declares splice.
|    For example, HP-UX 11i <limits.h> declares gettimeofday.  */
| #define splice innocuous_splice
| 
| /* System header to define __stub macros and hopefully few prototypes,
|     which can conflict with char splice (); below.
|     Prefer <limits.h> to <assert.h> if __STDC__ is defined, since
|     <limits.h> exists even on freestanding compilers.  */
| 
| #ifdef __STDC__
| # include <limits.h>
| #else
| # include <assert.h>
| #endif
| 
| #undef splice
| 
| /* Override any GCC internal prototype to avoid an error.
|    Use char because int might match the return type of a GCC
|    builtin and then its argument prototype would still apply.  */
| #ifdef __cplusplus
| extern "C"
| #endif
| char splice ();
| /* The GNU C library defines this for functions which it implements
|     to always fail with ENOSYS.  Some functions are actually named
|     something starting with __ and the normal name is an alias.  */
| #if defined __stub_splice || defined __stub___splice
| choke me
| #endif
| 
| int
| main ()
| {
| return splice ();
|   ;
|   return 0;
| }
configure:5394: result: no
configure:5528: creating ./config.status

## ---------------------- ##
## Running config.status. ##
## ---------------------- ##

This file was extended by config.status, which was
generated by GNU Autoconf 2.63.  Invocation command line was

  CONFIG_FILES    = 
  CONFIG_HEADERS  = 
  CONFIG_LINKS    = 
  CONFIG_COMMANDS = 
  $ ./config.status 

on HinaMaeamanoAir

config.status:772: creating Makefile
config.status:919: WARNING:  'autoconf/Makefile.in' 'autoconf/make/vars.mk' 'autoconf/make/package.mk' 'autoconf/make/filelist.mk~' 'autoconf/make/unreal.mk' 'autoconf/make/modules.mk~' 'autoconf/make/rules.mk' 'autoconf/make/link.mk' 'autoconf/make/depend.mk~' seems to ignore the --datarootdir setting
config.status:772: creating doc/lsm
config.status:772: creating doc/quickref.1
config.status:772: creating doc/pv.spec
config.status:772: creating src/.dummy
config.status:772: creating src/include/config.h
config.status:1006: executing default commands

## ---------------- ##
## Cache variables. ##
## ---------------- ##

ac_cv_c_compiler_gnu=yes
ac_cv_env_CC_set=
ac_cv_env_CC_value=
ac_cv_env_CFLAGS_set=
ac_cv_env_CFLAGS_value=
ac_cv_env_CPPFLAGS_set=
ac_cv_env_CPPFLAGS_value=
ac_cv_env_CPP_set=
ac_cv_env_CPP_value=
ac_cv_env_LDFLAGS_set=
ac_cv_env_LDFLAGS_value=
ac_cv_env_LIBS_set=
ac_cv_env_LIBS_value=
ac_cv_env_build_alias_set=
ac_cv_env_build_alias_value=
ac_cv_env_host_alias_set=
ac_cv_env_host_alias_value=
ac_cv_env_target_alias_set=
ac_cv_env_target_alias_value=
ac_cv_func_basename=yes
ac_cv_func_getopt=yes
ac_cv_func_getopt_long=yes
ac_cv_func_memcpy=yes
ac_cv_func_open64=no
ac_cv_func_snprintf=yes
ac_cv_func_splice=no
ac_cv_func_stat64=yes
ac_cv_header_getopt_h=yes
ac_cv_header_inttypes_h=yes
ac_cv_header_libgen_h=yes
ac_cv_header_libintl_h=no
ac_cv_header_limits_h=yes
ac_cv_header_locale_h=yes
ac_cv_header_memory_h=yes
ac_cv_header_stdc=yes
ac_cv_header_stdint_h=yes
ac_cv_header_stdlib_h=yes
ac_cv_header_string_h=yes
ac_cv_header_strings_h=yes
ac_cv_header_sys_ipc_h=yes
ac_cv_header_sys_param_h=yes
ac_cv_header_sys_stat_h=yes
ac_cv_header_sys_types_h=yes
ac_cv_header_unistd_h=yes
ac_cv_objext=o
ac_cv_path_EGREP='/usr/bin/grep -E'
ac_cv_path_GMSGFMT=NOMSGFMT
ac_cv_path_GREP=/usr/bin/grep
ac_cv_path_MSGFMT=NOMSGFMT
ac_cv_path_XGETTEXT=xgettext
ac_cv_path_install='/usr/bin/install -c'
ac_cv_prog_CPP='gcc -E'
ac_cv_prog_DO_GZIP='gzip -f9'
ac_cv_prog_ac_ct_CC=gcc
ac_cv_prog_cc_c89=
ac_cv_prog_cc_g=yes
ac_cv_prog_make_make_set=yes

## ----------------- ##
## Output variables. ##
## ----------------- ##

CATALOGS=''
CATOBJEXT='.mo'
CC='gcc'
CFLAGS='-O'
CPP='gcc -E'
CPPFLAGS=''
DEFS='-DHAVE_CONFIG_H'
DO_GZIP='gzip -f9'
ECHO_C='\c'
ECHO_N=''
ECHO_T=''
EGREP='/usr/bin/grep -E'
EXEEXT=''
GMOFILES=' de.gmo fr.gmo pl.gmo pt.gmo'
GMSGFMT='NOMSGFMT'
GREP='/usr/bin/grep'
INSTALL_DATA='${INSTALL} -m 644'
INSTALL_PROGRAM='${INSTALL}'
INSTALL_SCRIPT='${INSTALL}'
INSTOBJEXT='.mo'
LDFLAGS=''
LIBOBJS=''
LIBS=''
LTLIBOBJS=''
MSGFMT=''
NLSOBJ='src/nls/table.o'
OBJEXT='o'
PACKAGE='pv'
PACKAGE_BUGREPORT=''
PACKAGE_NAME=''
PACKAGE_STRING=''
PACKAGE_TARNAME=''
PACKAGE_VERSION=''
PATH_SEPARATOR=':'
POFILES=' $(srcdir)/src/nls/de.po $(srcdir)/src/nls/fr.po $(srcdir)/src/nls/pl.po $(srcdir)/src/nls/pt.po'
SET_MAKE=''
SHELL='/bin/sh'
UCPACKAGE='PV'
VERSION='1.4.12'
XGETTEXT='xgettext'
ac_ct_CC='gcc'
bindir='${exec_prefix}/bin'
build_alias=''
datadir='${datarootdir}'
datarootdir='${prefix}/share'
docdir='${datarootdir}/doc/${PACKAGE}'
dvidir='${docdir}'
exec_prefix='${prefix}'
host_alias=''
htmldir='${docdir}'
includedir='${prefix}/include'
infodir='${datarootdir}/info'
libdir='${exec_prefix}/lib'
libexecdir='${exec_prefix}/libexec'
localedir='${datarootdir}/locale'
localstatedir='${prefix}/var'
mandir='${datarootdir}/man'
oldincludedir='/usr/include'
pdfdir='${docdir}'
prefix='/usr/local'
program_transform_name='s,x,x,'
psdir='${docdir}'
sbindir='${exec_prefix}/sbin'
sharedstatedir='${prefix}/com'
sysconfdir='${prefix}/etc'
target_alias=''

## ----------- ##
## confdefs.h. ##
## ----------- ##

#define PACKAGE_NAME ""
#define PACKAGE_TARNAME ""
#define PACKAGE_VERSION ""
#define PACKAGE_STRING ""
#define PACKAGE_BUGREPORT ""
#define PACKAGE "pv"
#define PROGRAM_NAME "pv"
#define VERSION "1.4.12"
#define ENABLE_NLS 1
#define STDC_HEADERS 1
#define HAVE_SYS_TYPES_H 1
#define HAVE_SYS_STAT_H 1
#define HAVE_STDLIB_H 1
#define HAVE_STRING_H 1
#define HAVE_MEMORY_H 1
#define HAVE_STRINGS_H 1
#define HAVE_INTTYPES_H 1
#define HAVE_STDINT_H 1
#define HAVE_UNISTD_H 1
#define HAVE_LOCALE_H 1
#define HAVE_GETOPT_LONG 1
#define HAVE_GETOPT 1
#define HAVE_GETOPT_H 1
#define HAVE_CONFIG_H 1
#define STDC_HEADERS 1
#define HAVE_MEMCPY 1
#define HAVE_BASENAME 1
#define HAVE_SNPRINTF 1
#define HAVE_STAT64 1
#define HAVE_LIMITS_H 1
#define HAVE_SYS_IPC_H 1
#define HAVE_SYS_PARAM_H 1
#define HAVE_LIBGEN_H 1

configure: exit 0
